[0.049s] Invoking command in '/home/dyros/mcy_ws/piper-mou/build/trac_ik_lib': CMAKE_PREFIX_PATH=${CMAKE_PREFIX_PATH}:/home/dyros/mcy_ws/piper-mou/install/piper:/opt/ros/humble /usr/bin/cmake --build /home/dyros/mcy_ws/piper-mou/build/trac_ik_lib -- -j20 -l20
[0.290s] [ 25%] [32mBuilding CXX object CMakeFiles/trac_ik.dir/src/trac_ik.cpp.o[0m
[0.485s] [01m[K/home/dyros/mcy_ws/piper-mou/src/trac_ik/trac_ik_lib/src/trac_ik.cpp:37:10:[m[K [01;31m[Kfatal error: [m[Kurdf/model.hpp: No such file or directory
[0.485s]    37 | #include [01;31m[K<urdf/model.hpp>[m[K
[0.486s]       |          [01;31m[K^~~~~~~~~~~~~~~~[m[K
[0.486s] compilation terminated.
[0.486s] gmake[2]: *** [CMakeFiles/trac_ik.dir/build.make:104: CMakeFiles/trac_ik.dir/src/trac_ik.cpp.o] Error 1
[0.486s] gmake[1]: *** [CMakeFiles/Makefile2:137: CMakeFiles/trac_ik.dir/all] Error 2
[0.486s] gmake: *** [Makefile:146: all] Error 2
[0.506s] Invoked command in '/home/dyros/mcy_ws/piper-mou/build/trac_ik_lib' returned '2': CMAKE_PREFIX_PATH=${CMAKE_PREFIX_PATH}:/home/dyros/mcy_ws/piper-mou/install/piper:/opt/ros/humble /usr/bin/cmake --build /home/dyros/mcy_ws/piper-mou/build/trac_ik_lib -- -j20 -l20
